2026-05-29 09:11:30,401 - Start polling
2026-05-29 09:11:31,292 - Run polling for bot @my_lab_assistant_2026_bot id=8946750900 - 'my_lab_bot'
2026-05-29 09:11:52,573 - Пользователь 7300493643 нажал /start
2026-05-29 09:11:53,294 - Update id=691648912 is handled. Duration 721 ms by bot id=8946750900
2026-05-29 09:12:12,644 - Пользователь 7300493643 начал игру
2026-05-29 09:12:12,854 - Update id=691648913 is handled. Duration 210 ms by bot id=8946750900
2026-05-29 09:12:25,749 - Update id=691648914 is handled. Duration 407 ms by bot id=8946750900
2026-05-29 09:24:20,275 - Failed to fetch updates - TelegramNetworkError: HTTP Client says - Request timeout error
2026-05-29 09:24:20,275 - Sleep for 1.000000 seconds and try again... (tryings = 0, bot id = 8946750900)
2026-05-29 09:24:21,306 - Failed to fetch updates - TelegramNetworkError: HTTP Client says - ClientConnectorError: Cannot connect to host api.telegram.org:443 ssl:default [Сетевая папка недоступна. За информацией о разрешении проблем в сети обратитесь к справочной системе Windows]
2026-05-29 09:24:21,306 - Sleep for 1.292053 seconds and try again... (tryings = 1, bot id = 8946750900)
2026-05-29 09:24:22,614 - Failed to fetch updates - TelegramNetworkError: HTTP Client says - ClientConnectorError: Cannot connect to host api.telegram.org:443 ssl:default [Сетевая папка недоступна. За информацией о разрешении проблем в сети обратитесь к справочной системе Windows]
2026-05-29 09:24:22,614 - Sleep for 1.781127 seconds and try again... (tryings = 2, bot id = 8946750900)
2026-05-29 09:24:24,407 - Failed to fetch updates - TelegramNetworkError: HTTP Client says - ClientConnectorError: Cannot connect to host api.telegram.org:443 ssl:default [Сетевая папка недоступна. За информацией о разрешении проблем в сети обратитесь к справочной системе Windows]
2026-05-29 09:24:24,407 - Sleep for 2.541230 seconds and try again... (tryings = 3, bot id = 8946750900)
2026-05-29 09:24:26,965 - Failed to fetch updates - TelegramNetworkError: HTTP Client says - ClientConnectorError: Cannot connect to host api.telegram.org:443 ssl:default [Сетевая папка недоступна. За информацией о разрешении проблем в сети обратитесь к справочной системе Windows]
2026-05-29 09:24:26,965 - Sleep for 3.316761 seconds and try again... (tryings = 4, bot id = 8946750900)
2026-05-29 09:24:30,285 - Failed to fetch updates - TelegramNetworkError: HTTP Client says - ClientConnectorError: Cannot connect to host api.telegram.org:443 ssl:default [Сетевая папка недоступна. За информацией о разрешении проблем в сети обратитесь к справочной системе Windows]
2026-05-29 09:24:30,285 - Sleep for 4.417256 seconds and try again... (tryings = 5, bot id = 8946750900)
2026-05-29 09:24:34,716 - Failed to fetch updates - TelegramNetworkError: HTTP Client says - ClientConnectorError: Cannot connect to host api.telegram.org:443 ssl:default [Сетевая папка недоступна. За информацией о разрешении проблем в сети обратитесь к справочной системе Windows]
2026-05-29 09:24:34,716 - Sleep for 5.135073 seconds and try again... (tryings = 6, bot id = 8946750900)
2026-05-29 09:24:39,853 - Failed to fetch updates - TelegramNetworkError: HTTP Client says - ClientConnectorError: Cannot connect to host api.telegram.org:443 ssl:default [Сетевая папка недоступна. За информацией о разрешении проблем в сети обратитесь к справочной системе Windows]
2026-05-29 09:24:39,854 - Sleep for 4.948336 seconds and try again... (tryings = 7, bot id = 8946750900)
2026-05-29 09:24:44,811 - Failed to fetch updates - TelegramNetworkError: HTTP Client says - ClientConnectorError: Cannot connect to host api.telegram.org:443 ssl:default [Сетевая папка недоступна. За информацией о разрешении проблем в сети обратитесь к справочной системе Windows]
2026-05-29 09:24:44,812 - Sleep for 4.930797 seconds and try again... (tryings = 8, bot id = 8946750900)
2026-05-29 09:24:49,751 - Failed to fetch updates - TelegramNetworkError: HTTP Client says - ClientConnectorError: Cannot connect to host api.telegram.org:443 ssl:default [Сетевая папка недоступна. За информацией о разрешении проблем в сети обратитесь к справочной системе Windows]
2026-05-29 09:24:49,751 - Sleep for 5.029946 seconds and try again... (tryings = 9, bot id = 8946750900)
2026-05-29 09:24:54,787 - Failed to fetch updates - TelegramNetworkError: HTTP Client says - ClientConnectorError: Cannot connect to host api.telegram.org:443 ssl:default [Сетевая папка недоступна. За информацией о разрешении проблем в сети обратитесь к справочной системе Windows]
2026-05-29 09:24:54,787 - Sleep for 4.914128 seconds and try again... (tryings = 10, bot id = 8946750900)
2026-05-29 09:24:59,715 - Failed to fetch updates - TelegramNetworkError: HTTP Client says - ClientConnectorError: Cannot connect to host api.telegram.org:443 ssl:default [Сетевая папка недоступна. За информацией о разрешении проблем в сети обратитесь к справочной системе Windows]
2026-05-29 09:24:59,715 - Sleep for 5.130642 seconds and try again... (tryings = 11, bot id = 8946750900)
2026-05-29 09:25:04,848 - Failed to fetch updates - TelegramNetworkError: HTTP Client says - ClientConnectorError: Cannot connect to host api.telegram.org:443 ssl:default [Сетевая папка недоступна. За информацией о разрешении проблем в сети обратитесь к справочной системе Windows]
2026-05-29 09:25:04,848 - Sleep for 4.949506 seconds and try again... (tryings = 12, bot id = 8946750900)
2026-05-29 09:25:09,809 - Failed to fetch updates - TelegramNetworkError: HTTP Client says - ClientConnectorError: Cannot connect to host api.telegram.org:443 ssl:default [Сетевая папка недоступна. За информацией о разрешении проблем в сети обратитесь к справочной системе Windows]
2026-05-29 09:25:09,810 - Sleep for 5.068122 seconds and try again... (tryings = 13, bot id = 8946750900)
2026-05-29 09:25:14,880 - Failed to fetch updates - TelegramNetworkError: HTTP Client says - ClientConnectorError: Cannot connect to host api.telegram.org:443 ssl:default [Сетевая папка недоступна. За информацией о разрешении проблем в сети обратитесь к справочной системе Windows]
2026-05-29 09:25:14,880 - Sleep for 4.947093 seconds and try again... (tryings = 14, bot id = 8946750900)
2026-05-29 09:25:19,836 - Failed to fetch updates - TelegramNetworkError: HTTP Client says - ClientConnectorError: Cannot connect to host api.telegram.org:443 ssl:default [Сетевая папка недоступна. За информацией о разрешении проблем в сети обратитесь к справочной системе Windows]
2026-05-29 09:25:19,837 - Sleep for 4.997829 seconds and try again... (tryings = 15, bot id = 8946750900)
2026-05-29 09:25:24,847 - Failed to fetch updates - TelegramNetworkError: HTTP Client says - ClientConnectorError: Cannot connect to host api.telegram.org:443 ssl:default [Сетевая папка недоступна. За информацией о разрешении проблем в сети обратитесь к справочной системе Windows]
2026-05-29 09:25:24,847 - Sleep for 4.910005 seconds and try again... (tryings = 16, bot id = 8946750900)
2026-05-29 09:25:29,765 - Failed to fetch updates - TelegramNetworkError: HTTP Client says - ClientConnectorError: Cannot connect to host api.telegram.org:443 ssl:default [Сетевая папка недоступна. За информацией о разрешении проблем в сети обратитесь к справочной системе Windows]
2026-05-29 09:25:29,766 - Sleep for 5.086068 seconds and try again... (tryings = 17, bot id = 8946750900)
2026-05-29 09:25:34,857 - Failed to fetch updates - TelegramNetworkError: HTTP Client says - ClientConnectorError: Cannot connect to host api.telegram.org:443 ssl:default [Сетевая папка недоступна. За информацией о разрешении проблем в сети обратитесь к справочной системе Windows]
2026-05-29 09:25:34,857 - Sleep for 5.013818 seconds and try again... (tryings = 18, bot id = 8946750900)
2026-05-29 09:25:39,886 - Failed to fetch updates - TelegramNetworkError: HTTP Client says - ClientConnectorError: Cannot connect to host api.telegram.org:443 ssl:default [Сетевая папка недоступна. За информацией о разрешении проблем в сети обратитесь к справочной системе Windows]
2026-05-29 09:25:39,887 - Sleep for 4.877053 seconds and try again... (tryings = 19, bot id = 8946750900)
2026-05-29 09:25:44,771 - Failed to fetch updates - TelegramNetworkError: HTTP Client says - ClientConnectorError: Cannot connect to host api.telegram.org:443 ssl:default [Сетевая папка недоступна. За информацией о разрешении проблем в сети обратитесь к справочной системе Windows]
2026-05-29 09:25:44,772 - Sleep for 5.124455 seconds and try again... (tryings = 20, bot id = 8946750900)
2026-05-29 09:25:49,905 - Failed to fetch updates - TelegramNetworkError: HTTP Client says - ClientConnectorError: Cannot connect to host api.telegram.org:443 ssl:default [Сетевая папка недоступна. За информацией о разрешении проблем в сети обратитесь к справочной системе Windows]
2026-05-29 09:25:49,905 - Sleep for 5.149562 seconds and try again... (tryings = 21, bot id = 8946750900)
2026-05-29 09:25:55,063 - Failed to fetch updates - TelegramNetworkError: HTTP Client says - ClientConnectorError: Cannot connect to host api.telegram.org:443 ssl:default [Сетевая папка недоступна. За информацией о разрешении проблем в сети обратитесь к справочной системе Windows]
2026-05-29 09:25:55,063 - Sleep for 4.958647 seconds and try again... (tryings = 22, bot id = 8946750900)
2026-05-29 09:26:00,034 - Failed to fetch updates - TelegramNetworkError: HTTP Client says - ClientConnectorError: Cannot connect to host api.telegram.org:443 ssl:default [Сетевая папка недоступна. За информацией о разрешении проблем в сети обратитесь к справочной системе Windows]
2026-05-29 09:26:00,034 - Sleep for 4.951449 seconds and try again... (tryings = 23, bot id = 8946750900)
2026-05-29 09:26:05,002 - Failed to fetch updates - TelegramNetworkError: HTTP Client says - ClientConnectorError: Cannot connect to host api.telegram.org:443 ssl:default [Сетевая папка недоступна. За информацией о разрешении проблем в сети обратитесь к справочной системе Windows]
2026-05-29 09:26:05,003 - Sleep for 4.918446 seconds and try again... (tryings = 24, bot id = 8946750900)
2026-05-29 09:26:09,932 - Failed to fetch updates - TelegramNetworkError: HTTP Client says - ClientConnectorError: Cannot connect to host api.telegram.org:443 ssl:default [Сетевая папка недоступна. За информацией о разрешении проблем в сети обратитесь к справочной системе Windows]
2026-05-29 09:26:09,932 - Sleep for 5.013305 seconds and try again... (tryings = 25, bot id = 8946750900)
2026-05-29 09:26:14,961 - Failed to fetch updates - TelegramNetworkError: HTTP Client says - ClientConnectorError: Cannot connect to host api.telegram.org:443 ssl:default [Сетевая папка недоступна. За информацией о разрешении проблем в сети обратитесь к справочной системе Windows]
2026-05-29 09:26:14,961 - Sleep for 5.052433 seconds and try again... (tryings = 26, bot id = 8946750900)
2026-05-29 09:26:20,025 - Failed to fetch updates - TelegramNetworkError: HTTP Client says - ClientConnectorError: Cannot connect to host api.telegram.org:443 ssl:default [Сетевая папка недоступна. За информацией о разрешении проблем в сети обратитесь к справочной системе Windows]
2026-05-29 09:26:20,025 - Sleep for 4.991022 seconds and try again... (tryings = 27, bot id = 8946750900)
2026-05-29 09:26:25,023 - Failed to fetch updates - TelegramNetworkError: HTTP Client says - ClientConnectorError: Cannot connect to host api.telegram.org:443 ssl:default [Сетевая папка недоступна. За информацией о разрешении проблем в сети обратитесь к справочной системе Windows]
2026-05-29 09:26:25,023 - Sleep for 5.067709 seconds and try again... (tryings = 28, bot id = 8946750900)
2026-05-29 09:26:30,097 - Failed to fetch updates - TelegramNetworkError: HTTP Client says - ClientConnectorError: Cannot connect to host api.telegram.org:443 ssl:default [Сетевая папка недоступна. За информацией о разрешении проблем в сети обратитесь к справочной системе Windows]
2026-05-29 09:26:30,098 - Sleep for 4.919544 seconds and try again... (tryings = 29, bot id = 8946750900)
2026-05-29 09:26:35,027 - Failed to fetch updates - TelegramNetworkError: HTTP Client says - ClientConnectorError: Cannot connect to host api.telegram.org:443 ssl:default [Сетевая папка недоступна. За информацией о разрешении проблем в сети обратитесь к справочной системе Windows]
2026-05-29 09:26:35,027 - Sleep for 4.839823 seconds and try again... (tryings = 30, bot id = 8946750900)
2026-05-29 09:26:39,871 - Failed to fetch updates - TelegramNetworkError: HTTP Client says - ClientConnectorError: Cannot connect to host api.telegram.org:443 ssl:default [Сетевая папка недоступна. За информацией о разрешении проблем в сети обратитесь к справочной системе Windows]
2026-05-29 09:26:39,871 - Sleep for 4.925432 seconds and try again... (tryings = 31, bot id = 8946750900)
2026-05-29 09:26:44,802 - Failed to fetch updates - TelegramNetworkError: HTTP Client says - ClientConnectorError: Cannot connect to host api.telegram.org:443 ssl:default [Сетевая папка недоступна. За информацией о разрешении проблем в сети обратитесь к справочной системе Windows]
2026-05-29 09:26:44,802 - Sleep for 5.013001 seconds and try again... (tryings = 32, bot id = 8946750900)
2026-05-29 09:26:49,829 - Failed to fetch updates - TelegramNetworkError: HTTP Client says - ClientConnectorError: Cannot connect to host api.telegram.org:443 ssl:default [Сетевая папка недоступна. За информацией о разрешении проблем в сети обратитесь к справочной системе Windows]
2026-05-29 09:26:49,829 - Sleep for 4.976995 seconds and try again... (tryings = 33, bot id = 8946750900)
2026-05-29 09:26:54,820 - Failed to fetch updates - TelegramNetworkError: HTTP Client says - ClientConnectorError: Cannot connect to host api.telegram.org:443 ssl:default [Сетевая папка недоступна. За информацией о разрешении проблем в сети обратитесь к справочной системе Windows]
2026-05-29 09:26:54,820 - Sleep for 5.288482 seconds and try again... (tryings = 34, bot id = 8946750900)
2026-05-29 09:27:00,125 - Failed to fetch updates - TelegramNetworkError: HTTP Client says - ClientConnectorError: Cannot connect to host api.telegram.org:443 ssl:default [Сетевая папка недоступна. За информацией о разрешении проблем в сети обратитесь к справочной системе Windows]
2026-05-29 09:27:00,125 - Sleep for 4.817125 seconds and try again... (tryings = 35, bot id = 8946750900)
2026-05-29 09:27:04,948 - Failed to fetch updates - TelegramNetworkError: HTTP Client says - ClientConnectorError: Cannot connect to host api.telegram.org:443 ssl:default [Сетевая папка недоступна. За информацией о разрешении проблем в сети обратитесь к справочной системе Windows]
2026-05-29 09:27:04,949 - Sleep for 4.988157 seconds and try again... (tryings = 36, bot id = 8946750900)
2026-05-29 09:27:09,954 - Failed to fetch updates - TelegramNetworkError: HTTP Client says - ClientConnectorError: Cannot connect to host api.telegram.org:443 ssl:default [Сетевая папка недоступна. За информацией о разрешении проблем в сети обратитесь к справочной системе Windows]
2026-05-29 09:27:09,954 - Sleep for 4.859753 seconds and try again... (tryings = 37, bot id = 8946750900)
2026-05-29 09:27:14,819 - Failed to fetch updates - TelegramNetworkError: HTTP Client says - ClientConnectorError: Cannot connect to host api.telegram.org:443 ssl:default [Сетевая папка недоступна. За информацией о разрешении проблем в сети обратитесь к справочной системе Windows]
2026-05-29 09:27:14,819 - Sleep for 5.017731 seconds and try again... (tryings = 38, bot id = 8946750900)
2026-05-29 09:27:19,838 - Failed to fetch updates - TelegramNetworkError: HTTP Client says - ClientConnectorError: Cannot connect to host api.telegram.org:443 ssl:default [Сетевая папка недоступна. За информацией о разрешении проблем в сети обратитесь к справочной системе Windows]
2026-05-29 09:27:19,838 - Sleep for 5.013633 seconds and try again... (tryings = 39, bot id = 8946750900)
2026-05-29 09:27:24,867 - Failed to fetch updates - TelegramNetworkError: HTTP Client says - ClientConnectorError: Cannot connect to host api.telegram.org:443 ssl:default [Сетевая папка недоступна. За информацией о разрешении проблем в сети обратитесь к справочной системе Windows]
2026-05-29 09:27:24,867 - Sleep for 5.071727 seconds and try again... (tryings = 40, bot id = 8946750900)
2026-05-29 09:27:29,946 - Failed to fetch updates - TelegramNetworkError: HTTP Client says - ClientConnectorError: Cannot connect to host api.telegram.org:443 ssl:default [Сетевая папка недоступна. За информацией о разрешении проблем в сети обратитесь к справочной системе Windows]
2026-05-29 09:27:29,946 - Sleep for 4.928130 seconds and try again... (tryings = 41, bot id = 8946750900)
2026-05-29 09:27:34,885 - Failed to fetch updates - TelegramNetworkError: HTTP Client says - ClientConnectorError: Cannot connect to host api.telegram.org:443 ssl:default [Сетевая папка недоступна. За информацией о разрешении проблем в сети обратитесь к справочной системе Windows]
2026-05-29 09:27:34,885 - Sleep for 4.966193 seconds and try again... (tryings = 42, bot id = 8946750900)
2026-05-29 09:27:39,855 - Failed to fetch updates - TelegramNetworkError: HTTP Client says - ClientConnectorError: Cannot connect to host api.telegram.org:443 ssl:default [Сетевая папка недоступна. За информацией о разрешении проблем в сети обратитесь к справочной системе Windows]
2026-05-29 09:27:39,855 - Sleep for 5.271912 seconds and try again... (tryings = 43, bot id = 8946750900)
2026-05-29 09:27:45,132 - Failed to fetch updates - TelegramNetworkError: HTTP Client says - ClientConnectorError: Cannot connect to host api.telegram.org:443 ssl:default [Сетевая папка недоступна. За информацией о разрешении проблем в сети обратитесь к справочной системе Windows]
2026-05-29 09:27:45,132 - Sleep for 5.139016 seconds and try again... (tryings = 44, bot id = 8946750900)
2026-05-29 09:27:50,277 - Failed to fetch updates - TelegramNetworkError: HTTP Client says - ClientConnectorError: Cannot connect to host api.telegram.org:443 ssl:default [Сетевая папка недоступна. За информацией о разрешении проблем в сети обратитесь к справочной системе Windows]
2026-05-29 09:27:50,277 - Sleep for 4.875463 seconds and try again... (tryings = 45, bot id = 8946750900)
2026-05-29 09:27:55,170 - Failed to fetch updates - TelegramNetworkError: HTTP Client says - ClientConnectorError: Cannot connect to host api.telegram.org:443 ssl:default [Сетевая папка недоступна. За информацией о разрешении проблем в сети обратитесь к справочной системе Windows]
2026-05-29 09:27:55,170 - Sleep for 5.203635 seconds and try again... (tryings = 46, bot id = 8946750900)
2026-05-29 09:28:00,383 - Failed to fetch updates - TelegramNetworkError: HTTP Client says - ClientConnectorError: Cannot connect to host api.telegram.org:443 ssl:default [Сетевая папка недоступна. За информацией о разрешении проблем в сети обратитесь к справочной системе Windows]
2026-05-29 09:28:00,383 - Sleep for 5.014566 seconds and try again... (tryings = 47, bot id = 8946750900)
2026-05-29 09:28:05,400 - Failed to fetch updates - TelegramNetworkError: HTTP Client says - ClientConnectorError: Cannot connect to host api.telegram.org:443 ssl:default [Сетевая папка недоступна. За информацией о разрешении проблем в сети обратитесь к справочной системе Windows]
2026-05-29 09:28:05,400 - Sleep for 5.147495 seconds and try again... (tryings = 48, bot id = 8946750900)
2026-05-29 09:28:10,561 - Failed to fetch updates - TelegramNetworkError: HTTP Client says - ClientConnectorError: Cannot connect to host api.telegram.org:443 ssl:default [Сетевая папка недоступна. За информацией о разрешении проблем в сети обратитесь к справочной системе Windows]
2026-05-29 09:28:10,561 - Sleep for 4.805998 seconds and try again... (tryings = 49, bot id = 8946750900)
2026-05-29 09:28:15,376 - Failed to fetch updates - TelegramNetworkError: HTTP Client says - ClientConnectorError: Cannot connect to host api.telegram.org:443 ssl:default [Сетевая папка недоступна. За информацией о разрешении проблем в сети обратитесь к справочной системе Windows]
2026-05-29 09:28:15,376 - Sleep for 5.048531 seconds and try again... (tryings = 50, bot id = 8946750900)
2026-05-29 09:28:20,430 - Failed to fetch updates - TelegramNetworkError: HTTP Client says - ClientConnectorError: Cannot connect to host api.telegram.org:443 ssl:default [Сетевая папка недоступна. За информацией о разрешении проблем в сети обратитесь к справочной системе Windows]
2026-05-29 09:28:20,431 - Sleep for 5.139283 seconds and try again... (tryings = 51, bot id = 8946750900)
2026-05-29 09:28:25,581 - Failed to fetch updates - TelegramNetworkError: HTTP Client says - ClientConnectorError: Cannot connect to host api.telegram.org:443 ssl:default [Сетевая папка недоступна. За информацией о разрешении проблем в сети обратитесь к справочной системе Windows]
2026-05-29 09:28:25,582 - Sleep for 5.037677 seconds and try again... (tryings = 52, bot id = 8946750900)
2026-05-29 09:28:30,633 - Failed to fetch updates - TelegramNetworkError: HTTP Client says - ClientConnectorError: Cannot connect to host api.telegram.org:443 ssl:default [Сетевая папка недоступна. За информацией о разрешении проблем в сети обратитесь к справочной системе Windows]
2026-05-29 09:28:30,633 - Sleep for 4.940770 seconds and try again... (tryings = 53, bot id = 8946750900)
2026-05-29 09:28:35,588 - Failed to fetch updates - TelegramNetworkError: HTTP Client says - ClientConnectorError: Cannot connect to host api.telegram.org:443 ssl:default [Сетевая папка недоступна. За информацией о разрешении проблем в сети обратитесь к справочной системе Windows]
2026-05-29 09:28:35,589 - Sleep for 5.083238 seconds and try again... (tryings = 54, bot id = 8946750900)
2026-05-29 09:28:40,687 - Failed to fetch updates - TelegramNetworkError: HTTP Client says - ClientConnectorError: Cannot connect to host api.telegram.org:443 ssl:default [Сетевая папка недоступна. За информацией о разрешении проблем в сети обратитесь к справочной системе Windows]
2026-05-29 09:28:40,687 - Sleep for 4.881363 seconds and try again... (tryings = 55, bot id = 8946750900)
2026-05-29 09:28:56,168 - Connection established (tryings = 56, bot id = 8946750900)
